build/outputs/logs/manifest-merger-debug-report.txt
-- Merging decision tree log ---
manifest
ADDED from biomuu\AndroidManifest.xml:2:1-116:12
INJECTED from biomuu\AndroidManifest.xml:2:1-116:12
INJECTED from biomuu\AndroidManifest.xml:2:1-116:12
MERGED from [dpuareu.aar] AndroidManifest.xml:2:1-11:12
MERGED from [com.android.support:appcompat-v7:21.0.3] AndroidManifest.xml:14:4-17:12
MERGED from [com.android.support.constraint:constraint-layout:1.0.2] AndroidManifest.xml:2:1-11:12
MERGED from [com.android.support:support-v4:21.0.3] AndroidManifest.xml:14:4-17:12
INJECTED from biomuu\AndroidManifest.xml:2:1-116:12
INJECTED from biomuu\AndroidManifest.xml:2:1-116:12
	package
		ADDED from biomuu\AndroidManifest.xml:4:5-37
	android:versionName
		ADDED from biomuu\AndroidManifest.xml:6:5-32
		INJECTED from biomuu\AndroidManifest.xml
		INJECTED from biomuu\AndroidManifest.xml
	xmlns:tools
		ADDED from biomuu\AndroidManifest.xml:3:5-51
	xmlns:android
		ADDED from biomuu\AndroidManifest.xml:2:11-69
	android:versionCode
		ADDED from biomuu\AndroidManifest.xml:5:5-28
		INJECTED from biomuu\AndroidManifest.xml
		INJECTED from biomuu\AndroidManifest.xml
application
ADDED from biomuu\AndroidManifest.xml:8:5-103:19
MERGED from [com.android.support:appcompat-v7:21.0.3] AndroidManifest.xml:16:5-19
MERGED from [com.android.support:appcompat-v7:21.0.3] AndroidManifest.xml:16:5-19
MERGED from [com.android.support.constraint:constraint-layout:1.0.2] AndroidManifest.xml:9:5-20
MERGED from [com.android.support.constraint:constraint-layout:1.0.2] AndroidManifest.xml:9:5-20
MERGED from [com.android.support:support-v4:21.0.3] AndroidManifest.xml:16:5-19
MERGED from [com.android.support:support-v4:21.0.3] AndroidManifest.xml:16:5-19
	android:label
		ADDED from biomuu\AndroidManifest.xml:12:9-47
	android:icon
		ADDED from biomuu\AndroidManifest.xml:11:9-40
	android:allowBackup
		ADDED from biomuu\AndroidManifest.xml:10:9-35
	android:name
		ADDED from biomuu\AndroidManifest.xml:9:9-53
activity#com.dts.uubio.uusample.UareUSampleJava
ADDED from biomuu\AndroidManifest.xml:13:9-23:20
	android:label
		ADDED from biomuu\AndroidManifest.xml:17:13-45
	android:exported
		ADDED from biomuu\AndroidManifest.xml:16:13-36
	android:configChanges
		ADDED from biomuu\AndroidManifest.xml:15:13-74
	android:name
		ADDED from biomuu\AndroidManifest.xml:14:13-44
intent-filter#android.intent.action.MAIN+android.intent.category.LAUNCHER
ADDED from biomuu\AndroidManifest.xml:18:13-22:29
action#android.intent.action.MAIN
ADDED from biomuu\AndroidManifest.xml:19:17-69
	android:name
		ADDED from biomuu\AndroidManifest.xml:19:25-66
category#android.intent.category.LAUNCHER
ADDED from biomuu\AndroidManifest.xml:21:17-77
	android:name
		ADDED from biomuu\AndroidManifest.xml:21:27-74
activity#com.dts.uubio.uusample.GetReaderActivity
ADDED from biomuu\AndroidManifest.xml:24:9-38:20
	android:label
		ADDED from biomuu\AndroidManifest.xml:27:13-45
	android:configChanges
		ADDED from biomuu\AndroidManifest.xml:26:13-74
	android:name
		ADDED from biomuu\AndroidManifest.xml:25:13-46
intent-filter#android.intent.category.LAUNCHER
ADDED from biomuu\AndroidManifest.xml:28:13-30:29
intent-filter#android.hardware.usb.action.USB_DEVICE_ATTACHED
ADDED from biomuu\AndroidManifest.xml:31:13-33:29
action#android.hardware.usb.action.USB_DEVICE_ATTACHED
ADDED from biomuu\AndroidManifest.xml:32:17-90
	android:name
		ADDED from biomuu\AndroidManifest.xml:32:25-87
meta-data#android.hardware.usb.action.USB_DEVICE_ATTACHED
ADDED from biomuu\AndroidManifest.xml:35:13-37:57
	android:resource
		ADDED from biomuu\AndroidManifest.xml:37:17-54
	android:name
		ADDED from biomuu\AndroidManifest.xml:36:17-79
activity#com.dts.uubio.uusample.GetCapabilitiesActivity
ADDED from biomuu\AndroidManifest.xml:39:9-46:20
	android:label
		ADDED from biomuu\AndroidManifest.xml:42:13-45
	android:configChanges
		ADDED from biomuu\AndroidManifest.xml:41:13-74
	android:name
		ADDED from biomuu\AndroidManifest.xml:40:13-52
activity#com.dts.uubio.uusample.CaptureFingerprintActivity
ADDED from biomuu\AndroidManifest.xml:47:9-54:20
	android:label
		ADDED from biomuu\AndroidManifest.xml:50:13-45
	android:configChanges
		ADDED from biomuu\AndroidManifest.xml:49:13-74
	android:name
		ADDED from biomuu\AndroidManifest.xml:48:13-55
activity#com.dts.uubio.uusample.StreamImageActivity
ADDED from biomuu\AndroidManifest.xml:55:9-62:20
	android:label
		ADDED from biomuu\AndroidManifest.xml:58:13-45
	android:configChanges
		ADDED from biomuu\AndroidManifest.xml:57:13-74
	android:name
		ADDED from biomuu\AndroidManifest.xml:56:13-48
activity#com.dts.uubio.uusample.EnrollmentActivity
ADDED from biomuu\AndroidManifest.xml:63:9-70:20
	android:label
		ADDED from biomuu\AndroidManifest.xml:66:13-41
	android:configChanges
		ADDED from biomuu\AndroidManifest.xml:65:13-74
	android:name
		ADDED from biomuu\AndroidManifest.xml:64:13-47
activity#com.dts.uubio.uusample.VerificationActivity
ADDED from biomuu\AndroidManifest.xml:71:9-78:20
	android:label
		ADDED from biomuu\AndroidManifest.xml:74:13-45
	android:configChanges
		ADDED from biomuu\AndroidManifest.xml:73:13-74
	android:name
		ADDED from biomuu\AndroidManifest.xml:72:13-49
activity#com.dts.uubio.uusample.IdentificationActivity
ADDED from biomuu\AndroidManifest.xml:79:9-86:20
	android:label
		ADDED from biomuu\AndroidManifest.xml:82:13-45
	android:configChanges
		ADDED from biomuu\AndroidManifest.xml:81:13-74
	android:name
		ADDED from biomuu\AndroidManifest.xml:80:13-51
activity#com.dts.uubio.uu.PBase
ADDED from biomuu\AndroidManifest.xml:87:9-91:57
	android:screenOrientation
		ADDED from biomuu\AndroidManifest.xml:89:13-50
	android:windowSoftInputMode
		ADDED from biomuu\AndroidManifest.xml:91:13-54
	android:theme
		ADDED from biomuu\AndroidManifest.xml:90:13-72
	android:name
		ADDED from biomuu\AndroidManifest.xml:88:13-50
activity#com.dts.uubio.uu.Test
ADDED from biomuu\AndroidManifest.xml:92:9-96:57
	android:screenOrientation
		ADDED from biomuu\AndroidManifest.xml:94:13-50
	android:windowSoftInputMode
		ADDED from biomuu\AndroidManifest.xml:96:13-54
	android:theme
		ADDED from biomuu\AndroidManifest.xml:95:13-72
	android:name
		ADDED from biomuu\AndroidManifest.xml:93:13-49
activity#com.dts.uubio.uu.Compare
ADDED from biomuu\AndroidManifest.xml:97:9-101:57
	android:screenOrientation
		ADDED from biomuu\AndroidManifest.xml:99:13-50
	android:windowSoftInputMode
		ADDED from biomuu\AndroidManifest.xml:101:13-54
	android:theme
		ADDED from biomuu\AndroidManifest.xml:100:13-72
	android:name
		ADDED from biomuu\AndroidManifest.xml:98:13-52
uses-feature#android.hardware.usb.host
ADDED from biomuu\AndroidManifest.xml:105:5-62
	android:name
		ADDED from biomuu\AndroidManifest.xml:105:19-59
uses-permission#android.permission.READ_EXTERNAL_STORAGE
ADDED from biomuu\AndroidManifest.xml:107:5-80
	android:name
		ADDED from biomuu\AndroidManifest.xml:107:22-77
uses-permission#android.permission.CAMERA
ADDED from biomuu\AndroidManifest.xml:108:5-65
	android:name
		ADDED from biomuu\AndroidManifest.xml:108:22-62
uses-permission#android.permission.INTERNET
ADDED from biomuu\AndroidManifest.xml:109:5-67
	android:name
		ADDED from biomuu\AndroidManifest.xml:109:22-64
uses-permission#android.permission.WRITE_EXTERNAL_STORAGE
ADDED from biomuu\AndroidManifest.xml:110:5-81
	android:name
		ADDED from biomuu\AndroidManifest.xml:110:22-78
uses-sdk
ADDED from biomuu\AndroidManifest.xml:112:5-114:41
INJECTED from biomuu\AndroidManifest.xml:112:5-114:41
MERGED from [dpuareu.aar] AndroidManifest.xml:7:5-9:41
MERGED from [dpuareu.aar] AndroidManifest.xml:7:5-9:41
MERGED from [com.android.support:appcompat-v7:21.0.3] AndroidManifest.xml:15:5-42
MERGED from [com.android.support:appcompat-v7:21.0.3] AndroidManifest.xml:15:5-42
MERGED from [com.android.support.constraint:constraint-layout:1.0.2] AndroidManifest.xml:5:5-7:41
MERGED from [com.android.support.constraint:constraint-layout:1.0.2] AndroidManifest.xml:5:5-7:41
MERGED from [com.android.support:support-v4:21.0.3] AndroidManifest.xml:15:5-42
MERGED from [com.android.support:support-v4:21.0.3] AndroidManifest.xml:15:5-42
INJECTED from biomuu\AndroidManifest.xml:112:5-114:41
	android:targetSdkVersion
		ADDED from biomuu\AndroidManifest.xml:114:9-38
	android:minSdkVersion
		ADDED from biomuu\AndroidManifest.xml:113:9-35
		INJECTED from biomuu\AndroidManifest.xml
		INJECTED from biomuu\AndroidManifest.xml